Unable to capture context for thread 4528 in process 3056, can not generate back trace
Unable to capture context for thread 26824 in process 3056, can not generate back trace
Unable to capture context for thread 27552 in process 3056, can not generate back trace
Unable to capture context for thread 26972 in process 3056, can not generate back trace
Exception at PC 0x00007FFA4EBDBB93
Printing stacktrace...

Exception at PC 0x00007FFA956353AC
Exception at PC 0x00007FFA956353AC
Exception at PC 0x00007FFA956353AC
Exception at PC 0x00007FFA956353AC
Exception at PC 0x00007FFA956353AC
[0]  [0x00007FFA4EBDBB93]
[1]  [0x00007FFA4EBDBB93]
[2]  [0x00007FFA4EBDB4A1]
[3]  [0x00007FFA4EBDB459]
[4]  [0x00007FFA4EBC19FE]
[5]  [0x00007FFA4EBC0ED1]
[6]  [0x00007FFA4EBC0D76]
[7]  [0x00007FFA4EB679F6]
[8]  [0x00007FFA4EB57AFB]
[9]  [0x00007FFA4EC7E90A]
[10]  [0x00007FFA4EC99F87]
[11]  [0x00007FFA4EC9A05F]
[12] (BaseThreadInitThunk+0x1d) [0x00007FFA96B7257D]
[13] (RtlUserThreadStart+0x28) [0x00007FFA97D2AA48]
Done
Exception at PC 0x00007FFA956353AC
Exception at PC 0x00007FFA956353AC
Exception at PC 0x00007FFA956353AC
Exception at PC 0x00007FFA956353AC
Exception at PC 0x00007FFA956353AC
Exception at PC 0x00007FFA956353AC
Exception at PC 0x00007FFA956353AC
Exception at PC 0x00007FFA956353AC
Exception at PC 0x00007FFA956353AC
Exception at PC 0x00007FFA956353AC
Exception at PC 0x00007FFA956353AC
Exception at PC 0x00007FFA956353AC
Exception at PC 0x00007FFA956353AC
Exception at PC 0x00007FFA4E8E1A52
Attemped to write at address 0x00007FFA2D489BA4
Printing stacktrace...

[0]  [0x00007FFA4E8E1A52]
[1]  [0x00007FFA4E8E1A52]
[2]  [0x00007FFA4E8E1AD4]
[3]  [0x00007FFA4EA23FF7]
[4]  [0x00007FFA4E909128]
[5]  [0x00007FFA4EBBDFB9]
[6]  [0x00007FFA4ED8EF23]
[7]  [0x00007FFA4EC9B06B]
[8]  [0x00007FFA4EC908AF]
[9]  [0x00007FFA4EC90A32]
[10] (RtlActivateActivationContextUnsafeFast+0x12f) [0x00007FFA97CF869F]
[11] (LdrShutdownProcess+0x176) [0x00007FFA97D210A6]
[12] (RtlExitUserProcess+0xad) [0x00007FFA97D20C9D]
[13] (ExitProcess+0xb) [0x00007FFA96B77FAB]
[14] (exit+0x8d) [0x00007FFA9693D7BD]
[15] (initterm_e+0x25b) [0x00007FFA9693DE3B]
[16]  [0x00000000004014CD]
[17]  [0x000000000040151B]
[18] (BaseThreadInitThunk+0x1d) [0x00007FFA96B7257D]
[19] (RtlUserThreadStart+0x28) [0x00007FFA97D2AA48]
Done
