Unable to capture context for thread 12236 in process 11480, can not generate back trace
Unable to capture context for thread 13888 in process 11480, can not generate back trace
Unable to capture context for thread 17120 in process 11480, can not generate back trace
Unable to capture context for thread 2032 in process 11480, can not generate back trace
Unable to capture context for thread 24776 in process 11480, can not generate back trace
Unable to capture context for thread 25220 in process 11480, can not generate back trace
Exception at PC 0x00007FFE5040BB93
Printing stacktrace...

Unable to capture context for thread 19384 in process 11480, can not generate back trace
Unable to capture context for thread 27056 in process 11480, can not generate back trace
Exception at PC 0x00007FFF19D3F39C
Unable to capture context for thread 17588 in process 11480, can not generate back trace
Exception at PC 0x00007FFF19D3F39C
Exception at PC 0x00007FFF19D3F39C
Exception at PC 0x00007FFF19D3F39C
Exception at PC 0x00007FFF19D3F39C
Exception at PC 0x00007FFF19D3F39C
[0]  [0x00007FFE5040BB93]
[1]  [0x00007FFE5040BB93]
[2]  [0x00007FFE5040B4A1]
[3]  [0x00007FFE5040B459]
[4]  [0x00007FFE503F19FE]
[5]  [0x00007FFE503F0ED1]
[6]  [0x00007FFE503F0D76]
[7]  [0x00007FFE503979F6]
[8]  [0x00007FFE50387AFB]
[9]  [0x00007FFE504AE90A]
[10]  [0x00007FFE504C9F87]
[11]  [0x00007FFE504CA05F]
[12] (BaseThreadInitThunk+0x1d) [0x00007FFF1B47257D]
[13] (RtlUserThreadStart+0x28) [0x00007FFF1CA0AA48]
Done
Exception at PC 0x00007FFF19D3F39C
Exception at PC 0x00007FFF19D3F39C
Exception at PC 0x00007FFF19D3F39C
Exception at PC 0x00007FFF19D3F39C
Exception at PC 0x00007FFF19D3F39C
Exception at PC 0x00007FFF19D3F39C
Exception at PC 0x00007FFF19D3F39C
Exception at PC 0x00007FFF19D3F39C
Exception at PC 0x00007FFF19D3F39C
Exception at PC 0x00007FFF19D3F39C
Exception at PC 0x00007FFF19D3F39C
Exception at PC 0x00007FFF19D3F39C
Exception at PC 0x00007FFE50111A52
Attemped to write at address 0x00007FFED1D39BA4
Printing stacktrace...

[0]  [0x00007FFE50111A52]
[1]  [0x00007FFE50111A52]
[2]  [0x00007FFE50111AD4]
[3]  [0x00007FFE50253FF7]
[4]  [0x00007FFE50139128]
[5]  [0x00007FFE503EDFB9]
[6]  [0x00007FFE505BEF23]
[7]  [0x00007FFE504CB06B]
[8]  [0x00007FFE504C08AF]
[9]  [0x00007FFE504C0A32]
[10] (RtlActivateActivationContextUnsafeFast+0x12f) [0x00007FFF1C9D869F]
[11] (LdrShutdownProcess+0x176) [0x00007FFF1CA010A6]
[12] (RtlExitUserProcess+0xad) [0x00007FFF1CA00C9D]
[13] (ExitProcess+0xb) [0x00007FFF1B477FAB]
[14] (exit+0x8d) [0x00007FFF1C8FD7BD]
[15] (initterm_e+0x25b) [0x00007FFF1C8FDE3B]
[16]  [0x00000000004014CD]
[17]  [0x000000000040151B]
[18] (BaseThreadInitThunk+0x1d) [0x00007FFF1B47257D]
[19] (RtlUserThreadStart+0x28) [0x00007FFF1CA0AA48]
Done
