
*** Running vivado
    with args -log inst_rom_display.vds -m64 -product Vivado -mode batch -messageDb vivado.pb -notrace -source inst_rom_display.tcl


****** Vivado v2017.1 (64-bit)
  **** SW Build 1846317 on Fri Apr 14 18:55:03 MDT 2017
  **** IP Build 1846188 on Fri Apr 14 20:52:08 MDT 2017
    ** Copyright 1986-2017 Xilinx, Inc. All Rights Reserved.

source inst_rom_display.tcl -notrace
Command: synth_design -top inst_rom_display -part xc7a200tfbv676-2
Starting synth_design
Attempting to get a license for feature 'Synthesis' and/or device 'xc7a200t-fbv676'
INFO: [Common 17-349] Got license for feature 'Synthesis' and/or device 'xc7a200t-fbv676'
INFO: Launching helper process for spawning children vivado processes
INFO: Helper process launched with PID 17328 
---------------------------------------------------------------------------------
Starting RTL Elaboration : Time (s): cpu = 00:00:00 ; elapsed = 00:00:02 . Memory (MB): peak = 367.770 ; gain = 82.719
---------------------------------------------------------------------------------
INFO: [Synth 8-638] synthesizing module 'inst_rom_display' [D:/Mycode/vivadoCode/5.memory/5.2inst_rom/5.2inst_rom.srcs/sources_1/new/inst_rom_display.v:8]
INFO: [Synth 8-638] synthesizing module 'inst_rom' [D:/Mycode/vivadoCode/5.memory/5.2inst_rom/5.2inst_rom.runs/synth_1/.Xil/Vivado-16784-LENOVO/realtime/inst_rom_stub.v:6]
INFO: [Synth 8-256] done synthesizing module 'inst_rom' (1#1) [D:/Mycode/vivadoCode/5.memory/5.2inst_rom/5.2inst_rom.runs/synth_1/.Xil/Vivado-16784-LENOVO/realtime/inst_rom_stub.v:6]
INFO: [Synth 8-638] synthesizing module 'lcd_module' [D:/Mycode/vivadoCode/5.memory/5.2inst_rom/5.2inst_rom.runs/synth_1/.Xil/Vivado-16784-LENOVO/realtime/lcd_module_stub.v:6]
INFO: [Synth 8-256] done synthesizing module 'lcd_module' (2#1) [D:/Mycode/vivadoCode/5.memory/5.2inst_rom/5.2inst_rom.runs/synth_1/.Xil/Vivado-16784-LENOVO/realtime/lcd_module_stub.v:6]
INFO: [Synth 8-256] done synthesizing module 'inst_rom_display' (3#1) [D:/Mycode/vivadoCode/5.memory/5.2inst_rom/5.2inst_rom.srcs/sources_1/new/inst_rom_display.v:8]
---------------------------------------------------------------------------------
Finished RTL Elaboration : Time (s): cpu = 00:00:00 ; elapsed = 00:00:03 . Memory (MB): peak = 418.117 ; gain = 133.066
---------------------------------------------------------------------------------

Report Check Netlist: 
+------+------------------+-------+---------+-------+------------------+
|      |Item              |Errors |Warnings |Status |Description       |
+------+------------------+-------+---------+-------+------------------+
|1     |multi_driven_nets |      0|        0|Passed |Multi driven nets |
+------+------------------+-------+---------+-------+------------------+
---------------------------------------------------------------------------------
Finished RTL Optimization Phase 1 : Time (s): cpu = 00:00:00 ; elapsed = 00:00:03 . Memory (MB): peak = 418.117 ; gain = 133.066
---------------------------------------------------------------------------------
INFO: [Device 21-403] Loading part xc7a200tfbv676-2
INFO: [Project 1-570] Preparing netlist for logic optimization

Processing XDC Constraints
Initializing timing engine
Parsing XDC File [D:/Mycode/vivadoCode/5.memory/5.2inst_rom/5.2inst_rom.runs/synth_1/.Xil/Vivado-16784-LENOVO/dcp11/inst_rom_in_context.xdc] for cell 'inst_rom_module'
Finished Parsing XDC File [D:/Mycode/vivadoCode/5.memory/5.2inst_rom/5.2inst_rom.runs/synth_1/.Xil/Vivado-16784-LENOVO/dcp11/inst_rom_in_context.xdc] for cell 'inst_rom_module'
Parsing XDC File [D:/Mycode/vivadoCode/5.memory/5.2inst_rom/5.2inst_rom.srcs/constrs_1/new/inst_rom.xdc]
Finished Parsing XDC File [D:/Mycode/vivadoCode/5.memory/5.2inst_rom/5.2inst_rom.srcs/constrs_1/new/inst_rom.xdc]
INFO: [Project 1-236] Implementation specific constraints were found while reading constraint file [D:/Mycode/vivadoCode/5.memory/5.2inst_rom/5.2inst_rom.srcs/constrs_1/new/inst_rom.xdc]. These constraints will be ignored for synthesis but will be used in implementation. Impacted constraints are listed in the file [.Xil/inst_rom_display_propImpl.xdc].
Resolution: To avoid this warning, move constraints listed in [.Xil/inst_rom_display_propImpl.xdc] to another XDC file and exclude this new file from synthesis with the used_in_synthesis property (File Properties dialog in GUI) and re-run elaboration/synthesis.
Completed Processing XDC Constraints

INFO: [Project 1-111] Unisim Transformation Summary:
No Unisim elements were transformed.

Constraint Validation Runtime : Time (s): cpu = 00:00:00 ; elapsed = 00:00:00.002 . Memory (MB): peak = 780.406 ; gain = 0.000
---------------------------------------------------------------------------------
Finished Constraint Validation : Time (s): cpu = 00:00:03 ; elapsed = 00:00:12 . Memory (MB): peak = 780.406 ; gain = 495.355
---------------------------------------------------------------------------------
---------------------------------------------------------------------------------
Start Loading Part and Timing Information
---------------------------------------------------------------------------------
Loading part: xc7a200tfbv676-2
---------------------------------------------------------------------------------
Finished Loading Part and Timing Information : Time (s): cpu = 00:00:03 ; elapsed = 00:00:12 . Memory (MB): peak = 780.406 ; gain = 495.355
---------------------------------------------------------------------------------
---------------------------------------------------------------------------------
Start Applying 'set_property' XDC Constraints
---------------------------------------------------------------------------------
Applied set_property DONT_TOUCH = true for inst_rom_module. (constraint file  auto generated constraint, line ).
---------------------------------------------------------------------------------
Finished applying 'set_property' XDC Constraints : Time (s): cpu = 00:00:03 ; elapsed = 00:00:12 . Memory (MB): peak = 780.406 ; gain = 495.355
---------------------------------------------------------------------------------
INFO: [Synth 8-5546] ROM "display_valid" won't be mapped to RAM because it is too sparse
INFO: [Synth 8-5546] ROM "display_name" won't be mapped to RAM because it is too sparse
---------------------------------------------------------------------------------
Finished RTL Optimization Phase 2 : Time (s): cpu = 00:00:03 ; elapsed = 00:00:12 . Memory (MB): peak = 780.406 ; gain = 495.355
---------------------------------------------------------------------------------

Report RTL Partitions: 
+-+--------------+------------+----------+
| |RTL Partition |Replication |Instances |
+-+--------------+------------+----------+
+-+--------------+------------+----------+
---------------------------------------------------------------------------------
Start RTL Component Statistics 
---------------------------------------------------------------------------------
Detailed RTL Component Info : 
+---Registers : 
	               40 Bit    Registers := 1     
	               32 Bit    Registers := 2     
	                1 Bit    Registers := 1     
+---Muxes : 
	   2 Input     39 Bit        Muxes := 1     
	   3 Input     39 Bit        Muxes := 1     
	   2 Input     32 Bit        Muxes := 1     
	   3 Input     32 Bit        Muxes := 1     
	   2 Input      1 Bit        Muxes := 1     
	   3 Input      1 Bit        Muxes := 1     
---------------------------------------------------------------------------------
Finished RTL Component Statistics 
---------------------------------------------------------------------------------
---------------------------------------------------------------------------------
Start RTL Hierarchical Component Statistics 
---------------------------------------------------------------------------------
Hierarchical RTL Component report 
Module inst_rom_display 
Detailed RTL Component Info : 
+---Registers : 
	               40 Bit    Registers := 1     
	               32 Bit    Registers := 2     
	                1 Bit    Registers := 1     
+---Muxes : 
	   2 Input     39 Bit        Muxes := 1     
	   3 Input     39 Bit        Muxes := 1     
	   2 Input     32 Bit        Muxes := 1     
	   3 Input     32 Bit        Muxes := 1     
	   2 Input      1 Bit        Muxes := 1     
	   3 Input      1 Bit        Muxes := 1     
---------------------------------------------------------------------------------
Finished RTL Hierarchical Component Statistics
---------------------------------------------------------------------------------
---------------------------------------------------------------------------------
Start Part Resource Summary
---------------------------------------------------------------------------------
Part Resources:
DSPs: 740 (col length:100)
BRAMs: 730 (col length: RAMB18 100 RAMB36 50)
---------------------------------------------------------------------------------
Finished Part Resource Summary
---------------------------------------------------------------------------------
---------------------------------------------------------------------------------
Start Cross Boundary and Area Optimization
---------------------------------------------------------------------------------
INFO: [Synth 8-3333] propagating constant 0 across sequential element (\addr_reg[0] )
INFO: [Synth 8-3333] propagating constant 0 across sequential element (\addr_reg[1] )
INFO: [Synth 8-3886] merging instance 'display_name_reg[0]' (FD) to 'display_name_reg[1]'
INFO: [Synth 8-3886] merging instance 'display_name_reg[1]' (FD) to 'display_name_reg[2]'
INFO: [Synth 8-3886] merging instance 'display_name_reg[2]' (FD) to 'display_name_reg[3]'
INFO: [Synth 8-3886] merging instance 'display_name_reg[3]' (FD) to 'display_name_reg[4]'
INFO: [Synth 8-3886] merging instance 'display_name_reg[4]' (FD) to 'display_name_reg[6]'
INFO: [Synth 8-3886] merging instance 'display_name_reg[5]' (FD) to 'display_name_reg[12]'
INFO: [Synth 8-3886] merging instance 'display_name_reg[6]' (FD) to 'display_name_reg[7]'
INFO: [Synth 8-3886] merging instance 'display_name_reg[7]' (FD) to 'display_name_reg[8]'
INFO: [Synth 8-3886] merging instance 'display_name_reg[8]' (FD) to 'display_name_reg[11]'
INFO: [Synth 8-3886] merging instance 'display_name_reg[9]' (FD) to 'display_name_reg[18]'
INFO: [Synth 8-3886] merging instance 'display_name_reg[10]' (FD) to 'display_name_reg[16]'
INFO: [Synth 8-3886] merging instance 'display_name_reg[11]' (FD) to 'display_name_reg[13]'
INFO: [Synth 8-3886] merging instance 'display_name_reg[12]' (FD) to 'display_name_reg[14]'
INFO: [Synth 8-3886] merging instance 'display_name_reg[13]' (FD) to 'display_name_reg[15]'
INFO: [Synth 8-3886] merging instance 'display_name_reg[14]' (FD) to 'display_name_reg[22]'
INFO: [Synth 8-3886] merging instance 'display_name_reg[15]' (FD) to 'display_name_reg[19]'
INFO: [Synth 8-3886] merging instance 'display_name_reg[16]' (FD) to 'display_name_reg[17]'
INFO: [Synth 8-3886] merging instance 'display_name_reg[17]' (FD) to 'display_name_reg[20]'
INFO: [Synth 8-3886] merging instance 'display_name_reg[19]' (FD) to 'display_name_reg[21]'
INFO: [Synth 8-3886] merging instance 'display_name_reg[20]' (FD) to 'display_name_reg[25]'
INFO: [Synth 8-3886] merging instance 'display_name_reg[21]' (FD) to 'display_name_reg[23]'
INFO: [Synth 8-3886] merging instance 'display_name_reg[22]' (FD) to 'display_name_reg[26]'
INFO: [Synth 8-3886] merging instance 'display_name_reg[23]' (FD) to 'display_name_reg[24]'
INFO: [Synth 8-3886] merging instance 'display_name_reg[24]' (FD) to 'display_name_reg[28]'
INFO: [Synth 8-3886] merging instance 'display_name_reg[25]' (FD) to 'display_name_reg[27]'
INFO: [Synth 8-3886] merging instance 'display_name_reg[26]' (FD) to 'display_name_reg[30]'
INFO: [Synth 8-3886] merging instance 'display_name_reg[27]' (FD) to 'display_name_reg[35]'
INFO: [Synth 8-3886] merging instance 'display_name_reg[28]' (FD) to 'display_name_reg[29]'
INFO: [Synth 8-3886] merging instance 'display_name_reg[29]' (FD) to 'display_name_reg[31]'
INFO: [Synth 8-3886] merging instance 'display_name_reg[30]' (FD) to 'display_name_reg[32]'
INFO: [Synth 8-3886] merging instance 'display_name_reg[31]' (FD) to 'display_name_reg[33]'
INFO: [Synth 8-3886] merging instance 'display_name_reg[32]' (FD) to 'display_name_reg[38]'
INFO: [Synth 8-3886] merging instance 'display_name_reg[33]' (FD) to 'display_name_reg[34]'
INFO: [Synth 8-3886] merging instance 'display_name_reg[34]' (FD) to 'display_name_reg[36]'
INFO: [Synth 8-3886] merging instance 'display_name_reg[36]' (FD) to 'display_name_reg[37]'
INFO: [Synth 8-3333] propagating constant 0 across sequential element (\display_name_reg[37] )
WARNING: [Synth 8-3332] Sequential element (display_name_reg[37]) is unused and will be removed from module inst_rom_display.
WARNING: [Synth 8-3332] Sequential element (addr_reg[1]) is unused and will be removed from module inst_rom_display.
WARNING: [Synth 8-3332] Sequential element (addr_reg[0]) is unused and will be removed from module inst_rom_display.
INFO: [Synth 8-3886] merging instance 'display_name_reg[38]' (FD) to 'display_valid_reg'
---------------------------------------------------------------------------------
Finished Cross Boundary and Area Optimization : Time (s): cpu = 00:00:03 ; elapsed = 00:00:12 . Memory (MB): peak = 780.406 ; gain = 495.355
---------------------------------------------------------------------------------

Report RTL Partitions: 
+-+--------------+------------+----------+
| |RTL Partition |Replication |Instances |
+-+--------------+------------+----------+
+-+--------------+------------+----------+
---------------------------------------------------------------------------------
Start Applying XDC Timing Constraints
---------------------------------------------------------------------------------
---------------------------------------------------------------------------------
Finished Applying XDC Timing Constraints : Time (s): cpu = 00:00:06 ; elapsed = 00:00:20 . Memory (MB): peak = 780.406 ; gain = 495.355
---------------------------------------------------------------------------------
---------------------------------------------------------------------------------
Start Timing Optimization
---------------------------------------------------------------------------------
---------------------------------------------------------------------------------
Finished Timing Optimization : Time (s): cpu = 00:00:06 ; elapsed = 00:00:20 . Memory (MB): peak = 780.406 ; gain = 495.355
---------------------------------------------------------------------------------

Report RTL Partitions: 
+-+--------------+------------+----------+
| |RTL Partition |Replication |Instances |
+-+--------------+------------+----------+
+-+--------------+------------+----------+
---------------------------------------------------------------------------------
Start Technology Mapping
---------------------------------------------------------------------------------
---------------------------------------------------------------------------------
Finished Technology Mapping : Time (s): cpu = 00:00:06 ; elapsed = 00:00:20 . Memory (MB): peak = 794.391 ; gain = 509.340
---------------------------------------------------------------------------------

Report RTL Partitions: 
+-+--------------+------------+----------+
| |RTL Partition |Replication |Instances |
+-+--------------+------------+----------+
+-+--------------+------------+----------+
---------------------------------------------------------------------------------
Start IO Insertion
---------------------------------------------------------------------------------
---------------------------------------------------------------------------------
Start Flattening Before IO Insertion
---------------------------------------------------------------------------------
---------------------------------------------------------------------------------
Finished Flattening Before IO Insertion
---------------------------------------------------------------------------------
---------------------------------------------------------------------------------
Start Final Netlist Cleanup
---------------------------------------------------------------------------------
---------------------------------------------------------------------------------
Finished Final Netlist Cleanup
---------------------------------------------------------------------------------
---------------------------------------------------------------------------------
Finished IO Insertion : Time (s): cpu = 00:00:06 ; elapsed = 00:00:20 . Memory (MB): peak = 794.391 ; gain = 509.340
---------------------------------------------------------------------------------

Report Check Netlist: 
+------+------------------+-------+---------+-------+------------------+
|      |Item              |Errors |Warnings |Status |Description       |
+------+------------------+-------+---------+-------+------------------+
|1     |multi_driven_nets |      0|        0|Passed |Multi driven nets |
+------+------------------+-------+---------+-------+------------------+
---------------------------------------------------------------------------------
Start Renaming Generated Instances
---------------------------------------------------------------------------------
---------------------------------------------------------------------------------
Finished Renaming Generated Instances : Time (s): cpu = 00:00:06 ; elapsed = 00:00:20 . Memory (MB): peak = 794.391 ; gain = 509.340
---------------------------------------------------------------------------------

Report RTL Partitions: 
+-+--------------+------------+----------+
| |RTL Partition |Replication |Instances |
+-+--------------+------------+----------+
+-+--------------+------------+----------+
---------------------------------------------------------------------------------
Start Rebuilding User Hierarchy
---------------------------------------------------------------------------------
---------------------------------------------------------------------------------
Finished Rebuilding User Hierarchy : Time (s): cpu = 00:00:06 ; elapsed = 00:00:20 . Memory (MB): peak = 794.391 ; gain = 509.340
---------------------------------------------------------------------------------
---------------------------------------------------------------------------------
Start Renaming Generated Ports
---------------------------------------------------------------------------------
---------------------------------------------------------------------------------
Finished Renaming Generated Ports : Time (s): cpu = 00:00:06 ; elapsed = 00:00:20 . Memory (MB): peak = 794.391 ; gain = 509.340
---------------------------------------------------------------------------------
---------------------------------------------------------------------------------
Start Handling Custom Attributes
---------------------------------------------------------------------------------
---------------------------------------------------------------------------------
Finished Handling Custom Attributes : Time (s): cpu = 00:00:06 ; elapsed = 00:00:20 . Memory (MB): peak = 794.391 ; gain = 509.340
---------------------------------------------------------------------------------
---------------------------------------------------------------------------------
Start Renaming Generated Nets
---------------------------------------------------------------------------------
---------------------------------------------------------------------------------
Finished Renaming Generated Nets : Time (s): cpu = 00:00:06 ; elapsed = 00:00:20 . Memory (MB): peak = 794.391 ; gain = 509.340
---------------------------------------------------------------------------------
---------------------------------------------------------------------------------
Start Writing Synthesis Report
---------------------------------------------------------------------------------

Report BlackBoxes: 
+------+--------------+----------+
|      |BlackBox name |Instances |
+------+--------------+----------+
|1     |inst_rom      |         1|
|2     |lcd_module    |         1|
+------+--------------+----------+

Report Cell Usage: 
+------+-----------+------+
|      |Cell       |Count |
+------+-----------+------+
|1     |inst_rom   |     1|
|2     |lcd_module |     1|
|3     |BUFG       |     1|
|4     |LUT1       |     1|
|5     |LUT2       |     1|
|6     |LUT3       |     2|
|7     |LUT4       |    31|
|8     |LUT6       |     2|
|9     |FDRE       |    65|
|10    |IBUF       |     2|
|11    |OBUF       |     8|
+------+-----------+------+

Report Instance Areas: 
+------+---------+-------+------+
|      |Instance |Module |Cells |
+------+---------+-------+------+
|1     |top      |       |   192|
+------+---------+-------+------+
---------------------------------------------------------------------------------
Finished Writing Synthesis Report : Time (s): cpu = 00:00:06 ; elapsed = 00:00:20 . Memory (MB): peak = 794.391 ; gain = 509.340
---------------------------------------------------------------------------------
Synthesis finished with 0 errors, 0 critical warnings and 3 warnings.
Synthesis Optimization Runtime : Time (s): cpu = 00:00:04 ; elapsed = 00:00:14 . Memory (MB): peak = 794.391 ; gain = 147.051
Synthesis Optimization Complete : Time (s): cpu = 00:00:06 ; elapsed = 00:00:20 . Memory (MB): peak = 794.391 ; gain = 509.340
INFO: [Project 1-571] Translating synthesized netlist
INFO: [Netlist 29-17] Analyzing 2 Unisim elements for replacement
INFO: [Netlist 29-28] Unisim Transformation completed in 0 CPU seconds
INFO: [Project 1-570] Preparing netlist for logic optimization
INFO: [Opt 31-138] Pushed 0 inverter(s) to 0 load pin(s).
INFO: [Project 1-111] Unisim Transformation Summary:
No Unisim elements were transformed.

58 Infos, 3 Warnings, 0 Critical Warnings and 0 Errors encountered.
synth_design completed successfully
synth_design: Time (s): cpu = 00:00:07 ; elapsed = 00:00:24 . Memory (MB): peak = 798.293 ; gain = 517.656
INFO: [Common 17-1381] The checkpoint 'D:/Mycode/vivadoCode/5.memory/5.2inst_rom/5.2inst_rom.runs/synth_1/inst_rom_display.dcp' has been generated.
report_utilization: Time (s): cpu = 00:00:00 ; elapsed = 00:00:00.016 . Memory (MB): peak = 798.293 ; gain = 0.000
INFO: [Common 17-206] Exiting Vivado at Fri May 17 14:44:08 2024...
