Copyright 1986-2017 Xilinx, Inc. All Rights Reserved.
---------------------------------------------------------------------------------------------
| Tool Version : Vivado v.2017.1 (win64) Build 1846317 Fri Apr 14 18:55:03 MDT 2017
| Date         : Fri May 17 14:25:03 2024
| Host         : LENOVO running 64-bit major release  (build 9200)
| Command      : report_control_sets -verbose -file inst_rom_display_control_sets_placed.rpt
| Design       : inst_rom_display
| Device       : xc7a200t
---------------------------------------------------------------------------------------------

Control Set Information

Table of Contents
-----------------
1. Summary
2. Flip-Flop Distribution
3. Detailed Control Set Information

1. Summary
----------

+----------------------------------------------------------+-------+
|                          Status                          | Count |
+----------------------------------------------------------+-------+
| Number of unique control sets                            |    23 |
| Unused register locations in slices containing registers |    87 |
+----------------------------------------------------------+-------+


2. Flip-Flop Distribution
-------------------------

+--------------+-----------------------+------------------------+-----------------+--------------+
| Clock Enable | Synchronous Set/Reset | Asynchronous Set/Reset | Total Registers | Total Slices |
+--------------+-----------------------+------------------------+-----------------+--------------+
| No           | No                    | No                     |             101 |           47 |
| No           | No                    | Yes                    |               0 |            0 |
| No           | Yes                   | No                     |             101 |           43 |
| Yes          | No                    | No                     |              18 |            7 |
| Yes          | No                    | Yes                    |               0 |            0 |
| Yes          | Yes                   | No                     |             125 |           40 |
+--------------+-----------------------+------------------------+-----------------+--------------+


3. Detailed Control Set Information
-----------------------------------

+------------------------+-------------------------------------------------------+-------------------------------------------------------+------------------+----------------+
|      Clock Signal      |                     Enable Signal                     |                    Set/Reset Signal                   | Slice Load Count | Bel Load Count |
+------------------------+-------------------------------------------------------+-------------------------------------------------------+------------------+----------------+
|  lcd_module/clk_2_BUFG |                                                       | lcd_module/lcd_draw_module/draw_block_number1         |                1 |              1 |
|  lcd_module/clk_2_BUFG | lcd_module/lcd_draw_module/set_xy_valid_reg_n_0       | lcd_module/lcd_draw_module/draw_block_number1         |                1 |              4 |
|  clk_IBUF_BUFG         | lcd_module/touch_module/input_value[3]_i_1_n_0        | lcd_module/touch_module/input_value[31]_i_1_n_0       |                2 |              4 |
|  lcd_module/clk_2_BUFG |                                                       | lcd_module/lcd_draw_module/display_count_y[4]_i_1_n_0 |                2 |              5 |
|  lcd_module/clk_2_BUFG | lcd_module/lcd_draw_module/draw_wr_valid0             | lcd_module/lcd_draw_module/draw_data[4]_i_1_n_0       |                3 |              5 |
|  lcd_module/clk_2_BUFG | lcd_module/lcd_init_module/display_x_h[4]_i_1_n_0     | lcd_module/lcd_init_module/init_display_begin0        |                2 |              5 |
|  lcd_module/clk_2_BUFG | lcd_module/lcd_init_module/init_display_begin_reg_n_0 | lcd_module/lcd_init_module/init_display_begin0        |                3 |              5 |
|  lcd_module/clk_2_BUFG | lcd_module/lcd_draw_module/draw_block_end             | lcd_module/lcd_draw_module/draw_block_number0         |                4 |              6 |
|  clk_IBUF_BUFG         |                                                       | lcd_module/touch_module/clk_count0                    |                2 |              6 |
|  lcd_module/clk_2_BUFG | lcd_module/lcd_draw_module/display_count_x[7]_i_2_n_0 | lcd_module/lcd_draw_module/display_count_x[7]_i_1_n_0 |                3 |              8 |
|  clk_IBUF_BUFG         | lcd_module/touch_module/send_byte[0]_i_1_n_0          |                                                       |                3 |              8 |
|  lcd_module/clk_2_BUFG |                                                       | lcd_module/lcd_draw_module/td_count_y0                |                4 |              9 |
|  lcd_module/clk_2_BUFG | lcd_module/lcd_draw_module/td_count_x[8]_i_2_n_0      | lcd_module/lcd_draw_module/td_count_x[8]_i_1_n_0      |                3 |              9 |
|  lcd_module/clk_2_BUFG | lcd_module/lcd_draw_module/draw_wr_valid0             |                                                       |                4 |             10 |
|  lcd_module/clk_2_BUFG | lcd_module/lcd_init_module/display_y0                 | lcd_module/lcd_init_module/init_display_begin0        |                5 |             10 |
|  lcd_module/clk_2_BUFG | lcd_module/lcd_init_module/sel                        | lcd_module/lcd_init_module/init_rom_pc0               |                4 |             11 |
|  lcd_module/clk_2_BUFG |                                                       |                                                       |               10 |             18 |
|  clk_IBUF_BUFG         |                                                       | lcd_module/touch_module/rst_count0                    |                6 |             22 |
|  clk_IBUF_BUFG         |                                                       | lcd_module/touch_module/int_o_en_reg_0                |               14 |             26 |
|  clk_IBUF_BUFG         | lcd_module/touch_module/input_value[31]_i_2_n_0       | lcd_module/touch_module/input_value[31]_i_1_n_0       |                4 |             28 |
|  clk_IBUF_BUFG         | lcd_module/touch_module/input_valid_OBUF              | addr[31]_i_1_n_0                                      |                6 |             30 |
|  clk_IBUF_BUFG         |                                                       | display_value[31]_i_1_n_0                             |               14 |             32 |
|  clk_IBUF_BUFG         |                                                       |                                                       |               37 |             83 |
+------------------------+-------------------------------------------------------+-------------------------------------------------------+------------------+----------------+


+--------+-----------------------+
| Fanout | Number of ControlSets |
+--------+-----------------------+
| 1      |                     1 |
| 4      |                     2 |
| 5      |                     4 |
| 6      |                     2 |
| 8      |                     2 |
| 9      |                     2 |
| 10     |                     2 |
| 11     |                     1 |
| 16+    |                     7 |
+--------+-----------------------+


